FBP_S1 0 0.139 0.071 0.226 0.087 0.069 0.093 0.107 0.08 0.021 0.01 0.008 0.026 0 0 0.001 0.001 0 0.001 0.011 0 0 0.049 0 0 0 0 0 0 0
FDD_S1 0 0.014 0.026 0.05 0.048 0.054 0.082 0.041 0.051 0.019 0.014 0.042 0.077 0.05 0.052 0.068 0.068 0.041 0.022 0.018 0.087 0.045 0.031 0 0 0 0 0 0 0
FDC_S1 0 0.047 0.03 0.05 0.01 0.052 0.025 0.025 0.03 0.015 0.017 0.039 0.064 0.046 0.026 0.02 0.113 0.122 0.044 0.031 0.099 0.086 0.009 0 0 0 0 0 0 0
FDO_S1 0 0 0 0 0 0 0 0.011 0.102 0.017 0.12 0.119 0.057 0.094 0.025 0.02 0.014 0.027 0.152 0.108 0.073 0.061 0 0 0 0 0 0 0 0
FDF_S1 0 0.004 0.035 0.013 0.093 0.204 0.116 0.108 0.033 0.036 0.11 0.066 0.029 0.002 0.003 0.004 0 0 0.011 0.097 0.001 0 0.035 0 0 0 0 0 0 0
FDE_S1 0 0.019 0.038 0.026 0.058 0.084 0.141 0.113 0.01 0.007 0.026 0.038 0.04 0.003 0.198 0.119 0.012 0.009 0.011 0.013 0.009 0.01 0.016 0 0 0 0 0 0 0
FDS_S1 0 0.003 0.004 0 0.014 0.02 0.01 0.016 0.138 0.01 0.071 0.068 0.11 0.082 0.075 0.052 0.054 0.023 0.068 0.067 0.06 0.048 0.007 0 0 0 0 0 0 0
FDB_S1 0 0.009 0.023 0.032 0.05 0.036 0.102 0.045 0.014 0.04 0.007 0.085 0.077 0.037 0.073 0.04 0.062 0.04 0.01 0.017 0.094 0.085 0.022 0 0 0 0 0 0 0
FMM_S1 0 0 0 0.188 0 0.107 0.12 0 0 0.2 0 0.1 0.035 0 0.2 0 0 0 0 0 0.05 0 0 0 0 0 0 0 0 0
FMN_S1 1 0 0 0 0 0 0 0 0 0 0 0 0 0 0 0 0 0 0 0 0 0 0 0 0 0 0 0 0 0
FPL_S1 0 0.1 0.1 0.105 0.284 0.1 0.23 0.03 0.01 0.03 0.001 0 0 0 0.01 0 0 0 0 0 0 0 0 0 0 0 0 0 0 0
FPS_S1 0 0.1 0.1 0.105 0.284 0.1 0.23 0.03 0.01 0.03 0.001 0 0 0 0.01 0 0 0 0 0 0 0 0 0 0 0 0 0 0 0
FVD_S1 0 0 0 0.003 0.002 0.004 0.007 0.008 0.018 0.009 0.001 0.032 0.08 0.037 0.149 0.072 0.166 0.172 0.019 0.005 0.113 0.103 0 0 0 0 0 0 0 0
FVS_S1 0 0.22967033 0.178021978 0.096703297 0.118681319 0.104395604 0.08021978 0.069230769 0.010989011 0 0.112087912 0 0 0 0 0 0 0 0 0 0 0 0 0 0 0 0 0 0 0
FVB_S1 0 0.026 0.019 0.01 0.038 0.084 0.054 0.064 0.064 0.039 0.064 0.047 0.068 0.003 0.066 0.066 0.045 0.033 0.028 0.048 0.039 0.027 0.068 0 0 0 0 0 0 0
FVT_S1 0 0 0 0.101 0.003 0.105 0.2 0.01 0.05 0.2 0.001 0 0 0 0.17 0.16 0 0 0 0 0 0 0 0 0 0 0 0 0 0
FVO_S1 1 0 0 0 0 0 0 0 0 0 0 0 0 0 0 0 0 0 0 0 0 0 0 0 0 0 0 0 0 0
PIN_S1 0 0 0 0 0 0 0 0.061 0.05 0.01 0.3 0.02 0.104 0.001 0 0 0.15 0.15 0.154 0 0 0 0 0 0 0 0 0 0 0
SB_S1 0 0.022244346 0.022244346 0.022244346 0.022244346 0.038609657 0.038609657 0.038609657 0.087055209 0.087055209 0.087055209 0.087055209 0.035700882 0.035700882 0.035700882 0.035700882 0.035700882 0.035700882 0.035700882 0.087055209 0.035700882 0.035700882 0.038609657 0 0 0 0 0 0 0
SP_S1 1 0 0 0 0 0 0 0 0 0 0 0 0 0 0 0 0 0 0 0 0 0 0 0 0 0 0 0 0 0
SHD_S1 0 0.347837108 0.143274522 0.017269786 0.051429143 0.072794584 0.026261548 0.006070106 0.186785845 0 0.000733749 0.000580329 0 0 0 0 0.000340193 0 0 0 0 0 0.146623086 0 0 0 0 0 0 0
SHB_S1 0 0.1 0.1 0.105 0.284 0.1 0.23 0.03 0.01 0.03 0.001 0 0 0 0.01 0 0 0 0 0 0 0 0 0 0 0 0 0 0 0
SHP_S1 0 0.1 0.1 0.105 0.284 0.1 0.23 0.03 0.01 0.03 0.001 0 0 0 0.01 0 0 0 0 0 0 0 0 0 0 0 0 0 0 0
SHR_S1 1 0 0 0 0 0 0 0 0 0 0 0 0 0 0 0 0 0 0 0 0 0 0 0 0 0 0 0 0 0
SSK_S1 0 0.048985472 0.047468381 0.007657855 0.020290569 0.112117419 0.038554744 0.055190315 0.118824076 0.017569293 0.105986642 0.084766511 0.021438998 0.022689786 0.018632005 0.013693762 0.042458569 0.023353877 0.01779565 0.063673706 0.041407507 0.033355192 0.044089671 0 0 0 0 0 0 0
REP_S1 0 0.299 0.162 0.088 0.108 0.095 0.073 0.063 0.01 0 0.102 0 0 0 0 0 0 0 0 0 0 0 0 0 0 0 0 0 0 0
WHB_S1 0 0.008272292 0.008272292 0.008272292 0.008272292 0.008272292 0.026290324 0.026290324 0.029328667 0.026290324 0.081458248 0.081458248 0.029328667 0.029328667 0.029328667 0.029328667 0.081458248 0.081458248 0.081458248 0.081458248 0.081458248 0.081458248 0.081458248 0 0 0 0 0 0 0
WHT_S1 0 0.023012565 0.023012565 0.023012565 0.023012565 0.042675287 0.042675287 0.042675287 0.089909565 0.089909565 0.089909565 0.089909565 0.034151499 0.034151499 0.034151499 0.034151499 0.034151499 0.034151499 0.034151499 0.089909565 0.034151499 0.034151499 0.023012565 0 0 0 0 0 0 0
WDG_S1 1 0 0 0 0 0 0 0 0 0 0 0 0 0 0 0 0 0 0 0 0 0 0 0 0 0 0 0 0 0
CEP_S1 0 0.083 0.083 0.083 0.083 0.083 0.095 0.083 0.083 0.11 0.03 0.03 0.03 0.03 0.03 0.008 0.008 0.008 0.008 0.008 0.008 0.008 0.008 0 0 0 0 0 0 0
PWN_S1 0 0.000300752 0.000451128 0.000902256 0 0.001052632 0.000451128 0.000451128 0.003759398 0.000902256 0.202255638 0.071578947 0.012330827 0.000451128 0.001203008 0.00075188 0.514887216 0.048571429 0.076691729 0.028721805 0.022857143 0.005714286 0.005714286 0 0 0 0 0 0 0
BML_S1 0 0.003532725 0.005330915 0.093108003 0.028866504 0.033926895 0.06164765 0.054629939 0.053643322 0.086010725 0.035088557 0.015403956 0.037905189 0.069636066 0.100030235 0.058831018 0.012332713 0.046609697 0.058353623 0.014114989 0.041008259 0.066262472 0.023726548 0 0 0 0 0 0 0
ZL_S1 0 0.017708573 0.008563385 0.002429529 0.337320618 0.002945916 0.062994256 0.20509797 0.078005937 0.08118792 0.002697217 0.001093869 0.036952012 0.083056394 0.029239091 0.039889565 0.001301634 0.002478152 0.00234866 0.001019696 0.000882096 0.001089601 0.00169791 0 0 0 0 0 0 0
FPO_S1 1 0 0 0 0 0 0 0 0 0 0 0 0 0 0 0 0 0 0 0 0 0 0 0 0 0 0 0 0 0
FVV_S1 1 0 0 0 0 0 0 0 0 0 0 0 0 0 0 0 0 0 0 0 0 0 0 0 0 0 0 0 0 0
FDM_S1 1 0 0 0 0 0 0 0 0 0 0 0 0 0 0 0 0 0 0 0 0 0 0 0 0 0 0 0 0 0
FDP_S1 1 0 0 0 0 0 0 0 0 0 0 0 0 0 0 0 0 0 0 0 0 0 0 0 0 0 0 0 0 0
SHC_S1 1 0 0 0 0 0 0 0 0 0 0 0 0 0 0 0 0 0 0 0 0 0 0 0 0 0 0 0 0 0
WHS_S1 1 0 0 0 0 0 0 0 0 0 0 0 0 0 0 0 0 0 0 0 0 0 0 0 0 0 0 0 0 0
FBP_S1juv 0 0.139 0.071 0.226 0.087 0.069 0.093 0.107 0.08 0.021 0.01 0.008 0.026 0 0 0.001 0.001 0 0.001 0.011 0 0 0.049 0 0 0 0 0 0 0
FDD_S1juv 0 0.014 0.026 0.05 0.048 0.054 0.082 0.041 0.051 0.019 0.014 0.042 0.077 0.05 0.052 0.068 0.068 0.041 0.022 0.018 0.087 0.045 0.031 0 0 0 0 0 0 0
FDC_S1juv 0 0.047 0.03 0.05 0.01 0.052 0.025 0.025 0.03 0.015 0.017 0.039 0.064 0.046 0.026 0.02 0.113 0.122 0.044 0.031 0.099 0.086 0.009 0 0 0 0 0 0 0
FDO_S1juv 0 0 0 0 0 0 0 0.011 0.102 0.017 0.12 0.119 0.057 0.094 0.025 0.02 0.014 0.027 0.152 0.108 0.073 0.061 0 0 0 0 0 0 0 0
FDF_S1juv 0 0.004 0.035 0.013 0.093 0.204 0.116 0.108 0.033 0.036 0.11 0.066 0.029 0.002 0.003 0.004 0 0 0.011 0.097 0.001 0 0.035 0 0 0 0 0 0 0
FDE_S1juv 0 0.019 0.038 0.026 0.058 0.084 0.141 0.113 0.01 0.007 0.026 0.038 0.04 0.003 0.198 0.119 0.012 0.009 0.011 0.013 0.009 0.01 0.016 0 0 0 0 0 0 0
FDS_S1juv 0 0.003 0.004 0 0.014 0.02 0.01 0.016 0.138 0.01 0.071 0.068 0.11 0.082 0.075 0.052 0.054 0.023 0.068 0.067 0.06 0.048 0.007 0 0 0 0 0 0 0
FDB_S1juv 0 0.009 0.023 0.032 0.05 0.036 0.102 0.045 0.014 0.04 0.007 0.085 0.077 0.037 0.073 0.04 0.062 0.04 0.01 0.017 0.094 0.085 0.022 0 0 0 0 0 0 0
FMM_S1juv 0 0 0 0.188 0 0.107 0.12 0 0 0.2 0 0.1 0.035 0 0.2 0 0 0 0 0 0.05 0 0 0 0 0 0 0 0 0
FMN_S1juv 1 0 0 0 0 0 0 0 0 0 0 0 0 0 0 0 0 0 0 0 0 0 0 0 0 0 0 0 0 0
FPL_S1juv 0 0.1 0.1 0.105 0.284 0.1 0.23 0.03 0.01 0.03 0.001 0 0 0 0.01 0 0 0 0 0 0 0 0 0 0 0 0 0 0 0
FPS_S1juv 0 0.1 0.1 0.105 0.284 0.1 0.23 0.03 0.01 0.03 0.001 0 0 0 0.01 0 0 0 0 0 0 0 0 0 0 0 0 0 0 0
FVD_S1juv 0 0 0 0.003 0.002 0.004 0.007 0.008 0.018 0.009 0.001 0.032 0.08 0.037 0.149 0.072 0.166 0.172 0.019 0.005 0.113 0.103 0 0 0 0 0 0 0 0
FVS_S1juv 0 0.299 0.162 0.088 0.108 0.095 0.073 0.063 0.01 0 0.102 0 0 0 0 0 0 0 0 0 0 0 0 0 0 0 0 0 0 0
FVB_S1juv 0 0.026 0.019 0.01 0.038 0.084 0.054 0.064 0.064 0.039 0.064 0.047 0.068 0.003 0.066 0.066 0.045 0.033 0.028 0.048 0.039 0.027 0.068 0 0 0 0 0 0 0
FVT_S1juv 0 0 0 0.101 0.003 0.105 0.2 0.01 0.05 0.2 0.001 0 0 0 0.17 0.16 0 0 0 0 0 0 0 0 0 0 0 0 0 0
FVO_S1juv 1 0 0 0 0 0 0 0 0 0 0 0 0 0 0 0 0 0 0 0 0 0 0 0 0 0 0 0 0 0
PIN_S1juv 0 0 0 0 0 0 0 0.061 0.05 0.01 0.3 0.02 0.104 0.001 0 0 0.15 0.15 0.154 0 0 0 0 0 0 0 0 0 0 0
SB_S1juv 0 0.022244346 0.022244346 0.022244346 0.022244346 0.038609657 0.038609657 0.038609657 0.087055209 0.087055209 0.087055209 0.087055209 0.035700882 0.035700882 0.035700882 0.035700882 0.035700882 0.035700882 0.035700882 0.087055209 0.035700882 0.035700882 0.038609657 0 0 0 0 0 0 0
SP_S1juv 1 0 0 0 0 0 0 0 0 0 0 0 0 0 0 0 0 0 0 0 0 0 0 0 0 0 0 0 0 0
SHD_S1juv 0 0.347837108 0.143274522 0.017269786 0.051429143 0.072794584 0.026261548 0.006070106 0.186785845 0 0.000733749 0.000580329 0 0 0 0 0.000340193 0 0 0 0 0 0.146623086 0 0 0 0 0 0 0
SHB_S1juv 0 0.1 0.1 0.105 0.284 0.1 0.23 0.03 0.01 0.03 0.001 0 0 0 0.01 0 0 0 0 0 0 0 0 0 0 0 0 0 0 0
SHP_S1juv 0 0.1 0.1 0.105 0.284 0.1 0.23 0.03 0.01 0.03 0.001 0 0 0 0.01 0 0 0 0 0 0 0 0 0 0 0 0 0 0 0
SHR_S1juv 1 0 0 0 0 0 0 0 0 0 0 0 0 0 0 0 0 0 0 0 0 0 0 0 0 0 0 0 0 0
SSK_S1juv 0 0.048985472 0.047468381 0.007657855 0.020290569 0.112117419 0.038554744 0.055190315 0.118824076 0.017569293 0.105986642 0.084766511 0.021438998 0.022689786 0.018632005 0.013693762 0.042458569 0.023353877 0.01779565 0.063673706 0.041407507 0.033355192 0.044089671 0 0 0 0 0 0 0
REP_S1juv 0 0.299 0.162 0.088 0.108 0.095 0.073 0.063 0.01 0 0.102 0 0 0 0 0 0 0 0 0 0 0 0 0 0 0 0 0 0 0
WHB_S1juv 0 0.008272292 0.008272292 0.008272292 0.008272292 0.008272292 0.026290324 0.026290324 0.029328667 0.026290324 0.081458248 0.081458248 0.029328667 0.029328667 0.029328667 0.029328667 0.081458248 0.081458248 0.081458248 0.081458248 0.081458248 0.081458248 0.081458248 0 0 0 0 0 0 0
WHT_S1juv 0 0.023012565 0.023012565 0.023012565 0.023012565 0.042675287 0.042675287 0.042675287 0.089909565 0.089909565 0.089909565 0.089909565 0.034151499 0.034151499 0.034151499 0.034151499 0.034151499 0.034151499 0.034151499 0.089909565 0.034151499 0.034151499 0.023012565 0 0 0 0 0 0 0
WDG_S1juv 1 0 0 0 0 0 0 0 0 0 0 0 0 0 0 0 0 0 0 0 0 0 0 0 0 0 0 0 0 0
FPO_S1juv 1 0 0 0 0 0 0 0 0 0 0 0 0 0 0 0 0 0 0 0 0 0 0 0 0 0 0 0 0 0
FVV_S1juv 1 0 0 0 0 0 0 0 0 0 0 0 0 0 0 0 0 0 0 0 0 0 0 0 0 0 0 0 0 0
FDM_S1juv 1 0 0 0 0 0 0 0 0 0 0 0 0 0 0 0 0 0 0 0 0 0 0 0 0 0 0 0 0 0
FDP_S1juv 1 0 0 0 0 0 0 0 0 0 0 0 0 0 0 0 0 0 0 0 0 0 0 0 0 0 0 0 0 0
SHC_S1juv 1 0 0 0 0 0 0 0 0 0 0 0 0 0 0 0 0 0 0 0 0 0 0 0 0 0 0 0 0 0
WHS_S1juv 1 0 0 0 0 0 0 0 0 0 0 0 0 0 0 0 0 0 0 0 0 0 0 0 0 0 0 0 0 0
FFBP_S2 0 0.139 0.071 0.226 0.087 0.069 0.093 0.107 0.08 0.021 0.01 0.008 0.026 0 0 0.001 0.001 0 0.001 0.011 0 0 0.049 0 0 0 0 0 0 0
FFDD_S2 0 0.014 0.026 0.05 0.048 0.054 0.082 0.041 0.051 0.019 0.014 0.042 0.077 0.05 0.052 0.068 0.068 0.041 0.022 0.018 0.087 0.045 0.031 0 0 0 0 0 0 0
FFDC_S2 0 0.047 0.03 0.05 0.01 0.052 0.025 0.025 0.03 0.015 0.017 0.039 0.064 0.046 0.026 0.02 0.113 0.122 0.044 0.031 0.099 0.086 0.009 0 0 0 0 0 0 0
FFDO_S2 0 0 0 0 0 0 0 0.011 0.102 0.017 0.12 0.119 0.057 0.094 0.025 0.02 0.014 0.027 0.152 0.108 0.073 0.061 0 0 0 0 0 0 0 0
FFDF_S2 0 0.004 0.035 0.013 0.093 0.204 0.116 0.108 0.033 0.036 0.11 0.066 0.029 0.002 0.003 0.004 0 0 0.011 0.097 0.001 0 0.035 0 0 0 0 0 0 0
FFDE_S2 0 0.019 0.038 0.026 0.058 0.084 0.141 0.113 0.01 0.007 0.026 0.038 0.04 0.003 0.198 0.119 0.012 0.009 0.011 0.013 0.009 0.01 0.016 0 0 0 0 0 0 0
FFDS_S2 0 0.003 0.004 0 0.014 0.02 0.01 0.016 0.138 0.01 0.071 0.068 0.11 0.082 0.075 0.052 0.054 0.023 0.068 0.067 0.06 0.048 0.007 0 0 0 0 0 0 0
FFDB_S2 0 0.009 0.023 0.032 0.05 0.036 0.102 0.045 0.014 0.04 0.007 0.085 0.077 0.037 0.073 0.04 0.062 0.04 0.01 0.017 0.094 0.085 0.022 0 0 0 0 0 0 0
FFMM_S2 0 0 0 0.188 0 0.107 0.12 0 0 0.2 0 0.1 0.035 0 0.2 0 0 0 0 0 0.05 0 0 0 0 0 0 0 0 0
FFMN_S2 1 0 0 0 0 0 0 0 0 0 0 0 0 0 0 0 0 0 0 0 0 0 0 0 0 0 0 0 0 0
FFPL_S2 0 0.001 0.001 0.001 0.234 0.1 0.268 0.1 0.07 0.1 0.02 0.005 0.025 0 0.07 0.001 0.003 0 0.001 0 0 0 0 0 0 0 0 0 0 0
FFPS_S2 0 0.001 0.001 0.001 0.234 0.1 0.268 0.1 0.07 0.1 0.02 0.005 0.025 0 0.07 0.001 0.003 0 0.001 0 0 0 0 0 0 0 0 0 0 0
FFVD_S2 0 0 0 0.003 0.002 0.004 0.007 0.008 0.018 0.009 0.001 0.032 0.08 0.037 0.149 0.072 0.166 0.172 0.019 0.005 0.113 0.103 0 0 0 0 0 0 0 0
FFVS_S2 0 0.202 0.042 0.038 0.14 0.095 0.073 0.123 0.01 0 0.102 0.056 0 0 0.002 0.001 0 0 0 0.013 0 0 0.103 0 0 0 0 0 0 0
FFVB_S2 0 0.026 0.019 0.01 0.038 0.084 0.054 0.064 0.084 0.039 0.064 0.047 0.068 0.003 0.066 0.066 0.045 0.033 0.028 0.038 0.039 0.017 0.068 0 0 0 0 0 0 0
FFVT_S2 0 0 0 0.101 0.003 0.105 0.1 0.01 0.05 0.25 0.001 0 0 0 0.22 0.16 0 0 0 0 0 0 0 0 0 0 0 0 0 0
FFVO_S2 1 0 0 0 0 0 0 0 0 0 0 0 0 0 0 0 0 0 0 0 0 0 0 0 0 0 0 0 0 0
FPIN_S2 0 0 0 0 0 0 0 0.061 0.05 0.01 0.3 0.02 0.104 0.001 0 0 0.15 0.15 0.154 0 0 0 0 0 0 0 0 0 0 0
FSB_S2 0 0.022244346 0.022244346 0.022244346 0.022244346 0.038609657 0.038609657 0.038609657 0.087055209 0.087055209 0.087055209 0.087055209 0.035700882 0.035700882 0.035700882 0.035700882 0.035700882 0.035700882 0.035700882 0.087055209 0.035700882 0.035700882 0.038609657 0 0 0 0 0 0 0
FSP_S2 1 0 0 0 0 0 0 0 0 0 0 0 0 0 0 0 0 0 0 0 0 0 0 0 0 0 0 0 0 0
FSHD_S2 0 0.347837108 0.143274522 0.017269786 0.051429143 0.072794584 0.026261548 0.006070106 0.186785845 0 0.000733749 0.000580329 0 0 0 0 0.000340193 0 0 0 0 0 0.146623086 0 0 0 0 0 0 0
FSHB_S2 0 0.001 0.001 0.001 0.234 0.1 0.268 0.1 0.07 0.1 0.02 0.005 0.025 0 0.07 0.001 0.003 0 0.001 0 0 0 0 0 0 0 0 0 0 0
FSHP_S2 0 0.001 0.001 0.001 0.234 0.1 0.268 0.1 0.07 0.1 0.02 0.005 0.025 0 0.07 0.001 0.003 0 0.001 0 0 0 0 0 0 0 0 0 0 0
FSHR_S2 1 0 0 0 0 0 0 0 0 0 0 0 0 0 0 0 0 0 0 0 0 0 0 0 0 0 0 0 0 0
FSSK_S2 0 0.048985472 0.047468381 0.007657855 0.020290569 0.112117419 0.038554744 0.055190315 0.118824076 0.017569293 0.105986642 0.084766511 0.021438998 0.022689786 0.018632005 0.013693762 0.042458569 0.023353877 0.01779565 0.063673706 0.041407507 0.033355192 0.044089671 0 0 0 0 0 0 0
FREP_S2 0 0.202 0.042 0.038 0.14 0.095 0.073 0.123 0.01 0 0.102 0.056 0 0 0.002 0.001 0 0 0 0.013 0 0 0.103 0 0 0 0 0 0 0
FWHB_S2 0 0.008272292 0.008272292 0.008272292 0.008272292 0.008272292 0.026290324 0.026290324 0.029328667 0.026290324 0.081458248 0.081458248 0.029328667 0.029328667 0.029328667 0.029328667 0.081458248 0.081458248 0.081458248 0.081458248 0.081458248 0.081458248 0.081458248 0 0 0 0 0 0 0
FWHT_S2 0 0.023012565 0.023012565 0.023012565 0.023012565 0.042675287 0.042675287 0.042675287 0.089909565 0.089909565 0.089909565 0.089909565 0.034151499 0.034151499 0.034151499 0.034151499 0.034151499 0.034151499 0.034151499 0.089909565 0.034151499 0.034151499 0.023012565 0 0 0 0 0 0 0
FWDG_S2 1 0 0 0 0 0 0 0 0 0 0 0 0 0 0 0 0 0 0 0 0 0 0 0 0 0 0 0 0 0
FCEP_S2 0 0.071 0.072 0.072 0.072 0.072 0.083 0.072 0.072 0.1 0.05 0.05 0.05 0.05 0.05 0.008 0.008 0.008 0.008 0.008 0.008 0.008 0.008 0 0 0 0 0 0 0
FPWN_S2 0 0.000300752 0.000451128 0.000902256 0 0.001052632 0.000451128 0.000451128 0.003759398 0.000902256 0.202255638 0.071578947 0.012330827 0.000451128 0.001203008 0.00075188 0.514887216 0.048571429 0.076691729 0.028721805 0.022857143 0.005714286 0.005714286 0 0 0 0 0 0 0
FBML_S2 0 0.003532725 0.005330915 0.093108003 0.028866504 0.033926895 0.06164765 0.054629939 0.053643322 0.086010725 0.035088557 0.015403956 0.037905189 0.069636066 0.100030235 0.058831018 0.012332713 0.046609697 0.058353623 0.014114989 0.041008259 0.066262472 0.023726548 0 0 0 0 0 0 0
FZL_S2 0 0.017708573 0.008563385 0.002429529 0.337320618 0.002945916 0.062994256 0.20509797 0.078005937 0.08118792 0.002697217 0.001093869 0.036952012 0.083056394 0.029239091 0.039889565 0.001301634 0.002478152 0.00234866 0.001019696 0.000882096 0.001089601 0.00169791 0 0 0 0 0 0 0
FFPO_S2 1 0 0 0 0 0 0 0 0 0 0 0 0 0 0 0 0 0 0 0 0 0 0 0 0 0 0 0 0 0
FFVV_S2 1 0 0 0 0 0 0 0 0 0 0 0 0 0 0 0 0 0 0 0 0 0 0 0 0 0 0 0 0 0
FFDM_S2 1 0 0 0 0 0 0 0 0 0 0 0 0 0 0 0 0 0 0 0 0 0 0 0 0 0 0 0 0 0
FFDP_S2 1 0 0 0 0 0 0 0 0 0 0 0 0 0 0 0 0 0 0 0 0 0 0 0 0 0 0 0 0 0
FSHC_S2 1 0 0 0 0 0 0 0 0 0 0 0 0 0 0 0 0 0 0 0 0 0 0 0 0 0 0 0 0 0
FWHS_S2 1 0 0 0 0 0 0 0 0 0 0 0 0 0 0 0 0 0 0 0 0 0 0 0 0 0 0 0 0 0
FFBP_S2juv 0 0.139 0.071 0.226 0.087 0.069 0.093 0.107 0.08 0.021 0.01 0.008 0.026 0 0 0.001 0.001 0 0.001 0.011 0 0 0.049 0 0 0 0 0 0 0
FFDD_S2juv 0 0.014 0.026 0.05 0.048 0.054 0.082 0.041 0.051 0.019 0.014 0.042 0.077 0.05 0.052 0.068 0.068 0.041 0.022 0.018 0.087 0.045 0.031 0 0 0 0 0 0 0
FFDC_S2juv 0 0.047 0.03 0.05 0.01 0.052 0.025 0.025 0.03 0.015 0.017 0.039 0.064 0.046 0.026 0.02 0.113 0.122 0.044 0.031 0.099 0.086 0.009 0 0 0 0 0 0 0
FFDO_S2juv 0 0 0 0 0 0 0 0.011 0.102 0.017 0.12 0.119 0.057 0.094 0.025 0.02 0.014 0.027 0.152 0.108 0.073 0.061 0 0 0 0 0 0 0 0
FFDF_S2juv 0 0.004 0.035 0.013 0.093 0.204 0.116 0.108 0.033 0.036 0.11 0.066 0.029 0.002 0.003 0.004 0 0 0.011 0.097 0.001 0 0.035 0 0 0 0 0 0 0
FFDE_S2juv 0 0.019 0.038 0.026 0.058 0.084 0.141 0.113 0.01 0.007 0.026 0.038 0.04 0.003 0.198 0.119 0.012 0.009 0.011 0.013 0.009 0.01 0.016 0 0 0 0 0 0 0
FFDS_S2juv 0 0.003 0.004 0 0.014 0.02 0.01 0.016 0.138 0.01 0.071 0.068 0.11 0.082 0.075 0.052 0.054 0.023 0.068 0.067 0.06 0.048 0.007 0 0 0 0 0 0 0
FFDB_S2juv 0 0.009 0.023 0.032 0.05 0.036 0.102 0.045 0.014 0.04 0.007 0.085 0.077 0.037 0.073 0.04 0.062 0.04 0.01 0.017 0.094 0.085 0.022 0 0 0 0 0 0 0
FFMM_S2juv 0 0 0 0.188 0 0.107 0.12 0 0 0.2 0 0.1 0.035 0 0.2 0 0 0 0 0 0.05 0 0 0 0 0 0 0 0 0
FFMN_S2juv 1 0 0 0 0 0 0 0 0 0 0 0 0 0 0 0 0 0 0 0 0 0 0 0 0 0 0 0 0 0
FFPL_S2juv 0 0.001 0.001 0.001 0.234 0.1 0.268 0.1 0.07 0.1 0.02 0.005 0.025 0 0.07 0.001 0.003 0 0.001 0 0 0 0 0 0 0 0 0 0 0
FFPS_S2juv 0 0.001 0.001 0.001 0.234 0.1 0.268 0.1 0.07 0.1 0.02 0.005 0.025 0 0.07 0.001 0.003 0 0.001 0 0 0 0 0 0 0 0 0 0 0
FFVD_S2juv 0 0 0 0.001002004 0.002004008 0.004008016 0.007014028 0.008016032 0.018036072 0.009018036 0.001002004 0.032064128 0.080160321 0.037074148 0.149298597 0.072144289 0.166332665 0.172344689 0.019038076 0.00501002 0.113226453 0.103206413 0 0 0 0 0 0 0 0
FFVS_S2juv 0 0.202 0.042 0.038 0.14 0.095 0.073 0.123 0.01 0 0.102 0.056 0 0 0.002 0.001 0 0 0 0.013 0 0 0.103 0 0 0 0 0 0 0
FFVB_S2juv 0 0.025610244 0.019007603 0.010004002 0.038015206 0.084033613 0.054021609 0.06402561 0.084033613 0.039015606 0.06402561 0.047018808 0.068027211 0.0030012 0.066026411 0.066026411 0.045018007 0.033013205 0.028011204 0.038015206 0.039015606 0.017006803 0.068027211 0 0 0 0 0 0 0
FFVT_S2juv 0 0 0 0.101 0.003 0.105 0.1 0.01 0.05 0.25 0.001 0 0 0 0.22 0.16 0 0 0 0 0 0 0 0 0 0 0 0 0 0
FFVO_S2juv 1 0 0 0 0 0 0 0 0 0 0 0 0 0 0 0 0 0 0 0 0 0 0 0 0 0 0 0 0 0
FPIN_S2juv 0 0 0 0 0 0 0 0.061 0.05 0.01 0.3 0.02 0.104 0.001 0 0 0.15 0.15 0.154 0 0 0 0 0 0 0 0 0 0 0
FSB_S2juv 0 0.022244346 0.022244346 0.022244346 0.022244346 0.038609657 0.038609657 0.038609657 0.087055209 0.087055209 0.087055209 0.087055209 0.035700882 0.035700882 0.035700882 0.035700882 0.035700882 0.035700882 0.035700882 0.087055209 0.035700882 0.035700882 0.038609657 0 0 0 0 0 0 0
FSP_S2juv 1 0 0 0 0 0 0 0 0 0 0 0 0 0 0 0 0 0 0 0 0 0 0 0 0 0 0 0 0 0
FSHD_S2juv 0 0.347837108 0.143274522 0.017269786 0.051429143 0.072794584 0.026261548 0.006070106 0.186785845 0 0.000733749 0.000580329 0 0 0 0 0.000340193 0 0 0 0 0 0.146623086 0 0 0 0 0 0 0
FSHB_S2juv 0 0.001 0.001 0.001 0.234 0.1 0.268 0.1 0.07 0.1 0.02 0.005 0.025 0 0.07 0.001 0.003 0 0.001 0 0 0 0 0 0 0 0 0 0 0
FSHP_S2juv 0 0.001 0.001 0.001 0.234 0.1 0.268 0.1 0.07 0.1 0.02 0.005 0.025 0 0.07 0.001 0.003 0 0.001 0 0 0 0 0 0 0 0 0 0 0
FSHR_S2juv 1 0 0 0 0 0 0 0 0 0 0 0 0 0 0 0 0 0 0 0 0 0 0 0 0 0 0 0 0 0
FSSK_S2juv 0 0.048985472 0.047468381 0.007657855 0.020290569 0.112117419 0.038554744 0.055190315 0.118824076 0.017569293 0.105986642 0.084766511 0.021438998 0.022689786 0.018632005 0.013693762 0.042458569 0.023353877 0.01779565 0.063673706 0.041407507 0.033355192 0.044089671 0 0 0 0 0 0 0
FREP_S2juv 0 0.202 0.042 0.038 0.14 0.095 0.073 0.123 0.01 0 0.102 0.056 0 0 0.002 0.001 0 0 0 0.013 0 0 0.103 0 0 0 0 0 0 0
FWHB_S2juv 0 0.008272292 0.008272292 0.008272292 0.008272292 0.008272292 0.026290324 0.026290324 0.029328667 0.026290324 0.081458248 0.081458248 0.029328667 0.029328667 0.029328667 0.029328667 0.081458248 0.081458248 0.081458248 0.081458248 0.081458248 0.081458248 0.081458248 0 0 0 0 0 0 0
FWHT_S2juv 0 0.023012565 0.023012565 0.023012565 0.023012565 0.042675287 0.042675287 0.042675287 0.089909565 0.089909565 0.089909565 0.089909565 0.034151499 0.034151499 0.034151499 0.034151499 0.034151499 0.034151499 0.034151499 0.089909565 0.034151499 0.034151499 0.023012565 0 0 0 0 0 0 0
FWDG_S2juv 1 0 0 0 0 0 0 0 0 0 0 0 0 0 0 0 0 0 0 0 0 0 0 0 0 0 0 0 0 0
FFPO_S2juv 1 0 0 0 0 0 0 0 0 0 0 0 0 0 0 0 0 0 0 0 0 0 0 0 0 0 0 0 0 0
FFVV_S2juv 1 0 0 0 0 0 0 0 0 0 0 0 0 0 0 0 0 0 0 0 0 0 0 0 0 0 0 0 0 0
FFDM_S2juv 1 0 0 0 0 0 0 0 0 0 0 0 0 0 0 0 0 0 0 0 0 0 0 0 0 0 0 0 0 0
FFDP_S2juv 1 0 0 0 0 0 0 0 0 0 0 0 0 0 0 0 0 0 0 0 0 0 0 0 0 0 0 0 0 0
FSHC_S2juv 1 0 0 0 0 0 0 0 0 0 0 0 0 0 0 0 0 0 0 0 0 0 0 0 0 0 0 0 0 0
FWHS_S2juv 1 0 0 0 0 0 0 0 0 0 0 0 0 0 0 0 0 0 0 0 0 0 0 0 0 0 0 0 0 0
FFBP_S3 0 0.139 0.071 0.226 0.087 0.069 0.093 0.107 0.08 0.021 0.01 0.008 0.026 0 0 0.001 0.001 0 0.001 0.011 0 0 0.049 0 0 0 0 0 0 0
FFDD_S3 0 0.014 0.026 0.05 0.048 0.054 0.082 0.041 0.051 0.019 0.014 0.042 0.077 0.05 0.052 0.068 0.068 0.041 0.022 0.018 0.087 0.045 0.031 0 0 0 0 0 0 0
FFDC_S3 0 0.047 0.03 0.05 0.01 0.052 0.025 0.025 0.03 0.015 0.017 0.039 0.064 0.046 0.026 0.02 0.113 0.122 0.044 0.031 0.099 0.086 0.009 0 0 0 0 0 0 0
FFDO_S3 0 0 0 0 0 0 0 0.011 0.102 0.017 0.12 0.119 0.057 0.094 0.025 0.02 0.014 0.027 0.152 0.108 0.073 0.061 0 0 0 0 0 0 0 0
FFDF_S3 0 0.004 0.035 0.013 0.093 0.204 0.116 0.108 0.033 0.036 0.11 0.066 0.029 0.002 0.003 0.004 0 0 0.011 0.097 0.001 0 0.035 0 0 0 0 0 0 0
FFDE_S3 0 0.019 0.038 0.026 0.058 0.084 0.141 0.113 0.01 0.007 0.026 0.038 0.04 0.003 0.198 0.119 0.012 0.009 0.011 0.013 0.009 0.01 0.016 0 0 0 0 0 0 0
FFDS_S3 0 0.003 0.004 0 0.014 0.02 0.01 0.016 0.138 0.01 0.071 0.068 0.11 0.082 0.075 0.052 0.054 0.023 0.068 0.067 0.06 0.048 0.007 0 0 0 0 0 0 0
FFDB_S3 0 0.009 0.023 0.032 0.05 0.036 0.102 0.045 0.014 0.04 0.007 0.085 0.077 0.037 0.073 0.04 0.062 0.04 0.01 0.017 0.094 0.085 0.022 0 0 0 0 0 0 0
FFMM_S3 0 0 0 0.188 0 0.107 0.12 0 0 0.2 0 0.1 0.035 0 0.2 0 0 0 0 0 0.05 0 0 0 0 0 0 0 0 0
FFMN_S3 1 0 0 0 0 0 0 0 0 0 0 0 0 0 0 0 0 0 0 0 0 0 0 0 0 0 0 0 0 0
FFPL_S3 0 0 0 0 0 0 0 0 0.001 0.001 0.08 0.03 0.09 0.08 0.06 0.227 0.02 0.05 0.05 0.021 0.05 0.13 0.11 0 0 0 0 0 0 0
FFPS_S3 0 0 0 0 0 0 0 0 0.001 0.001 0.08 0.03 0.09 0.08 0.06 0.227 0.02 0.05 0.05 0.021 0.05 0.13 0.11 0 0 0 0 0 0 0
FFVD_S3 0 0 0 0.003 0.002 0.004 0.007 0.008 0.018 0.009 0.001 0.032 0.08 0.037 0.149 0.072 0.166 0.172 0.019 0.005 0.113 0.103 0 0 0 0 0 0 0 0
FFVS_S3 0 0.202 0.042 0.038 0.14 0.095 0.073 0.123 0.01 0 0.102 0.056 0 0 0.002 0.001 0 0 0 0.013 0 0 0.103 0 0 0 0 0 0 0
FFVB_S3 0 0.026 0.019 0.01 0.038 0.084 0.054 0.064 0.064 0.039 0.064 0.047 0.068 0.003 0.066 0.066 0.045 0.033 0.028 0.048 0.039 0.027 0.068 0 0 0 0 0 0 0
FFVT_S3 0 0 0 0.101 0.003 0.105 0.1 0.01 0.05 0.25 0.001 0 0 0 0.22 0.16 0 0 0 0 0 0 0 0 0 0 0 0 0 0
FFVO_S3 1 0 0 0 0 0 0 0 0 0 0 0 0 0 0 0 0 0 0 0 0 0 0 0 0 0 0 0 0 0
FPIN_S3 0 0 0 0 0 0 0 0.061 0.05 0.01 0.3 0.02 0.104 0.001 0 0 0.15 0.15 0.154 0 0 0 0 0 0 0 0 0 0 0
FSB_S3 0 0.022244346 0.022244346 0.022244346 0.022244346 0.038609657 0.038609657 0.038609657 0.087055209 0.087055209 0.087055209 0.087055209 0.035700882 0.035700882 0.035700882 0.035700882 0.035700882 0.035700882 0.035700882 0.087055209 0.035700882 0.035700882 0.038609657 0 0 0 0 0 0 0
FSP_S3 1 0 0 0 0 0 0 0 0 0 0 0 0 0 0 0 0 0 0 0 0 0 0 0 0 0 0 0 0 0
FSHD_S3 0 0.347837108 0.143274522 0.017269786 0.051429143 0.072794584 0.026261548 0.006070106 0.186785845 0 0.000733749 0.000580329 0 0 0 0 0.000340193 0 0 0 0 0 0.146623086 0 0 0 0 0 0 0
FSHB_S3 0 0.00998004 0.00998004 0.00998004 0.00998004 0.00998004 0.00998004 0.00998004 0.000998004 0.069860279 0.079840319 0.02994012 0.089820359 0.079840319 0.079840319 0.119760479 0.01996008 0.0499002 0.0499002 0.020958084 0.03992016 0.099800399 0.099800399 0 0 0 0 0 0 0
FSHP_S3 0 0.00998004 0.00998004 0.00998004 0.00998004 0.00998004 0.00998004 0.00998004 0.000998004 0.069860279 0.079840319 0.02994012 0.089820359 0.079840319 0.079840319 0.119760479 0.01996008 0.0499002 0.0499002 0.020958084 0.03992016 0.099800399 0.099800399 0 0 0 0 0 0 0
FSHR_S3 1 0 0 0 0 0 0 0 0 0 0 0 0 0 0 0 0 0 0 0 0 0 0 0 0 0 0 0 0 0
FSSK_S3 0 0.048985472 0.047468381 0.007657855 0.020290569 0.112117419 0.038554744 0.055190315 0.118824076 0.017569293 0.105986642 0.084766511 0.021438998 0.022689786 0.018632005 0.013693762 0.042458569 0.023353877 0.01779565 0.063673706 0.041407507 0.033355192 0.044089671 0 0 0 0 0 0 0
FREP_S3 0 0.202 0.042 0.038 0.14 0.095 0.073 0.123 0.01 0 0.102 0.056 0 0 0.002 0.001 0 0 0 0.013 0 0 0.103 0 0 0 0 0 0 0
FWHB_S3 0 0.008272292 0.008272292 0.008272292 0.008272292 0.008272292 0.026290324 0.026290324 0.029328667 0.026290324 0.081458248 0.081458248 0.029328667 0.029328667 0.029328667 0.029328667 0.081458248 0.081458248 0.081458248 0.081458248 0.081458248 0.081458248 0.081458248 0 0 0 0 0 0 0
FWHT_S3 0 0.023012565 0.023012565 0.023012565 0.023012565 0.042675287 0.042675287 0.042675287 0.089909565 0.089909565 0.089909565 0.089909565 0.034151499 0.034151499 0.034151499 0.034151499 0.034151499 0.034151499 0.034151499 0.089909565 0.034151499 0.034151499 0.023012565 0 0 0 0 0 0 0
FWDG_S3 1 0 0 0 0 0 0 0 0 0 0 0 0 0 0 0 0 0 0 0 0 0 0 0 0 0 0 0 0 0
FCEP_S3 0 0.071 0.072 0.072 0.072 0.072 0.083 0.072 0.072 0.1 0.05 0.05 0.05 0.05 0.05 0.008 0.008 0.008 0.008 0.008 0.008 0.008 0.008 0 0 0 0 0 0 0
FPWN_S3 0 0.000300752 0.000451128 0.000902256 0 0.001052632 0.000451128 0.000451128 0.003759398 0.000902256 0.202255638 0.071578947 0.012330827 0.000451128 0.001203008 0.00075188 0.514887216 0.048571429 0.076691729 0.028721805 0.022857143 0.005714286 0.005714286 0 0 0 0 0 0 0
FBML_S3 0 0.003532725 0.005330915 0.093108003 0.028866504 0.033926895 0.06164765 0.054629939 0.053643322 0.086010725 0.035088557 0.015403956 0.037905189 0.069636066 0.100030235 0.058831018 0.012332713 0.046609697 0.058353623 0.014114989 0.041008259 0.066262472 0.023726548 0 0 0 0 0 0 0
FZL_S3 0 0.017708573 0.008563385 0.002429529 0.337320618 0.002945916 0.062994256 0.20509797 0.078005937 0.08118792 0.002697217 0.001093869 0.036952012 0.083056394 0.029239091 0.039889565 0.001301634 0.002478152 0.00234866 0.001019696 0.000882096 0.001089601 0.00169791 0 0 0 0 0 0 0
FFPO_S3 1 0 0 0 0 0 0 0 0 0 0 0 0 0 0 0 0 0 0 0 0 0 0 0 0 0 0 0 0 0
FFVV_S3 1 0 0 0 0 0 0 0 0 0 0 0 0 0 0 0 0 0 0 0 0 0 0 0 0 0 0 0 0 0
FFDM_S3 1 0 0 0 0 0 0 0 0 0 0 0 0 0 0 0 0 0 0 0 0 0 0 0 0 0 0 0 0 0
FFDP_S3 1 0 0 0 0 0 0 0 0 0 0 0 0 0 0 0 0 0 0 0 0 0 0 0 0 0 0 0 0 0
FSHC_S3 1 0 0 0 0 0 0 0 0 0 0 0 0 0 0 0 0 0 0 0 0 0 0 0 0 0 0 0 0 0
FWHS_S3 1 0 0 0 0 0 0 0 0 0 0 0 0 0 0 0 0 0 0 0 0 0 0 0 0 0 0 0 0 0
FFBP_S3juv 0 0.139 0.071 0.226 0.087 0.069 0.093 0.107 0.08 0.021 0.01 0.008 0.026 0 0 0.001 0.001 0 0.001 0.011 0 0 0.049 0 0 0 0 0 0 0
FFDD_S3juv 0 0.014 0.026 0.05 0.048 0.054 0.082 0.041 0.051 0.019 0.014 0.042 0.077 0.05 0.052 0.068 0.068 0.041 0.022 0.018 0.087 0.045 0.031 0 0 0 0 0 0 0
FFDC_S3juv 0 0.047 0.03 0.05 0.01 0.052 0.025 0.025 0.03 0.015 0.017 0.039 0.064 0.046 0.026 0.02 0.113 0.122 0.044 0.031 0.099 0.086 0.009 0 0 0 0 0 0 0
FFDO_S3juv 0 0 0 0 0 0 0 0.011 0.102 0.017 0.12 0.119 0.057 0.094 0.025 0.02 0.014 0.027 0.152 0.108 0.073 0.061 0 0 0 0 0 0 0 0
FFDF_S3juv 0 0.004 0.035 0.013 0.093 0.204 0.116 0.108 0.033 0.036 0.11 0.066 0.029 0.002 0.003 0.004 0 0 0.011 0.097 0.001 0 0.035 0 0 0 0 0 0 0
FFDE_S3juv 0 0.019 0.038 0.026 0.058 0.084 0.141 0.113 0.01 0.007 0.026 0.038 0.04 0.003 0.198 0.119 0.012 0.009 0.011 0.013 0.009 0.01 0.016 0 0 0 0 0 0 0
FFDS_S3juv 0 0.003 0.004 0 0.014 0.02 0.01 0.016 0.138 0.01 0.071 0.068 0.11 0.082 0.075 0.052 0.054 0.023 0.068 0.067 0.06 0.048 0.007 0 0 0 0 0 0 0
FFDB_S3juv 0 0.009 0.023 0.032 0.05 0.036 0.102 0.045 0.014 0.04 0.007 0.085 0.077 0.037 0.073 0.04 0.062 0.04 0.01 0.017 0.094 0.085 0.022 0 0 0 0 0 0 0
FFMM_S3juv 0 0 0 0.188 0 0.107 0.12 0 0 0.2 0 0.1 0.035 0 0.2 0 0 0 0 0 0.05 0 0 0 0 0 0 0 0 0
FFMN_S3juv 1 0 0 0 0 0 0 0 0 0 0 0 0 0 0 0 0 0 0 0 0 0 0 0 0 0 0 0 0 0
FFPL_S3juv 0 0 0 0 0 0 0 0 0.001 0.001 0.08 0.03 0.09 0.08 0.06 0.227 0.02 0.05 0.05 0.021 0.05 0.13 0.11 0 0 0 0 0 0 0
FFPS_S3juv 0 0 0 0 0 0 0 0 0.001 0.001 0.08 0.03 0.09 0.08 0.06 0.227 0.02 0.05 0.05 0.021 0.05 0.13 0.11 0 0 0 0 0 0 0
FFVD_S3juv 0 0 0 0.003 0.002 0.004 0.007 0.008 0.018 0.009 0.001 0.032 0.08 0.037 0.149 0.072 0.166 0.172 0.019 0.005 0.113 0.103 0 0 0 0 0 0 0 0
FFVS_S3juv 0 0.202797203 0.041958042 0.037962038 0.13986014 0.094905095 0.072927073 0.122877123 0.00999001 0 0.101898102 0.055944056 0 0 0.001998002 0.000999001 0 0 0 0.012987013 0 0 0.102897103 0 0 0 0 0 0 0
FFVB_S3juv 0 0.026 0.019 0.01 0.038 0.084 0.054 0.064 0.064 0.039 0.064 0.047 0.068 0.003 0.066 0.066 0.045 0.033 0.028 0.048 0.039 0.027 0.068 0 0 0 0 0 0 0
FFVT_S3juv 0 0 0 0.101 0.003 0.105 0.1 0.01 0.05 0.25 0.001 0 0 0 0.22 0.16 0 0 0 0 0 0 0 0 0 0 0 0 0 0
FFVO_S3juv 1 0 0 0 0 0 0 0 0 0 0 0 0 0 0 0 0 0 0 0 0 0 0 0 0 0 0 0 0 0
FPIN_S3juv 0 0 0 0 0 0 0 0.061 0.05 0.01 0.3 0.02 0.104 0.001 0 0 0.15 0.15 0.154 0 0 0 0 0 0 0 0 0 0 0
FSB_S3juv 0 0.022244346 0.022244346 0.022244346 0.022244346 0.038609657 0.038609657 0.038609657 0.087055209 0.087055209 0.087055209 0.087055209 0.035700882 0.035700882 0.035700882 0.035700882 0.035700882 0.035700882 0.035700882 0.087055209 0.035700882 0.035700882 0.038609657 0 0 0 0 0 0 0
FSP_S3juv 1 0 0 0 0 0 0 0 0 0 0 0 0 0 0 0 0 0 0 0 0 0 0 0 0 0 0 0 0 0
FSHD_S3juv 0 0.347837108 0.143274522 0.017269786 0.051429143 0.072794584 0.026261548 0.006070106 0.186785845 0 0.000733749 0.000580329 0 0 0 0 0.000340193 0 0 0 0 0 0.146623086 0 0 0 0 0 0 0
FSHB_S3juv 0 0.00998004 0.00998004 0.00998004 0.00998004 0.00998004 0.00998004 0.00998004 0.000998004 0.069860279 0.079840319 0.02994012 0.089820359 0.079840319 0.079840319 0.119760479 0.01996008 0.0499002 0.0499002 0.020958084 0.03992016 0.099800399 0.099800399 0 0 0 0 0 0 0
FSHP_S3juv 0 0.00998004 0.00998004 0.00998004 0.00998004 0.00998004 0.00998004 0.00998004 0.000998004 0.069860279 0.079840319 0.02994012 0.089820359 0.079840319 0.079840319 0.119760479 0.01996008 0.0499002 0.0499002 0.020958084 0.03992016 0.099800399 0.099800399 0 0 0 0 0 0 0
FSHR_S3juv 1 0 0 0 0 0 0 0 0 0 0 0 0 0 0 0 0 0 0 0 0 0 0 0 0 0 0 0 0 0
FSSK_S3juv 0 0.048985472 0.047468381 0.007657855 0.020290569 0.112117419 0.038554744 0.055190315 0.118824076 0.017569293 0.105986642 0.084766511 0.021438998 0.022689786 0.018632005 0.013693762 0.042458569 0.023353877 0.01779565 0.063673706 0.041407507 0.033355192 0.044089671 0 0 0 0 0 0 0
FREP_S3juv 0 0.202 0.042 0.038 0.14 0.095 0.073 0.123 0.01 0 0.102 0.056 0 0 0.002 0.001 0 0 0 0.013 0 0 0.103 0 0 0 0 0 0 0
FWHB_S3juv 0 0.008272292 0.008272292 0.008272292 0.008272292 0.008272292 0.026290324 0.026290324 0.029328667 0.026290324 0.081458248 0.081458248 0.029328667 0.029328667 0.029328667 0.029328667 0.081458248 0.081458248 0.081458248 0.081458248 0.081458248 0.081458248 0.081458248 0 0 0 0 0 0 0
FWHT_S3juv 0 0.023012565 0.023012565 0.023012565 0.023012565 0.042675287 0.042675287 0.042675287 0.089909565 0.089909565 0.089909565 0.089909565 0.034151499 0.034151499 0.034151499 0.034151499 0.034151499 0.034151499 0.034151499 0.089909565 0.034151499 0.034151499 0.023012565 0 0 0 0 0 0 0
FWDG_S3juv 1 0 0 0 0 0 0 0 0 0 0 0 0 0 0 0 0 0 0 0 0 0 0 0 0 0 0 0 0 0
FFPO_S3juv 1 0 0 0 0 0 0 0 0 0 0 0 0 0 0 0 0 0 0 0 0 0 0 0 0 0 0 0 0 0
FFVV_S3juv 1 0 0 0 0 0 0 0 0 0 0 0 0 0 0 0 0 0 0 0 0 0 0 0 0 0 0 0 0 0
FFDM_S3juv 1 0 0 0 0 0 0 0 0 0 0 0 0 0 0 0 0 0 0 0 0 0 0 0 0 0 0 0 0 0
FFDP_S3juv 1 0 0 0 0 0 0 0 0 0 0 0 0 0 0 0 0 0 0 0 0 0 0 0 0 0 0 0 0 0
FSHC_S3juv 1 0 0 0 0 0 0 0 0 0 0 0 0 0 0 0 0 0 0 0 0 0 0 0 0 0 0 0 0 0
FWHS_S3juv 1 0 0 0 0 0 0 0 0 0 0 0 0 0 0 0 0 0 0 0 0 0 0 0 0 0 0 0 0 0
FFBP_S4 0 0.139 0.071 0.226 0.087 0.069 0.093 0.107 0.08 0.021 0.01 0.008 0.026 0 0 0.001 0.001 0 0.001 0.011 0 0 0.049 0 0 0 0 0 0 0
FFDD_S4 0 0.014 0.026 0.05 0.048 0.054 0.082 0.041 0.051 0.019 0.014 0.042 0.077 0.05 0.052 0.068 0.068 0.041 0.022 0.018 0.087 0.045 0.031 0 0 0 0 0 0 0
FFDC_S4 0 0.047 0.03 0.05 0.01 0.052 0.025 0.025 0.03 0.015 0.017 0.039 0.064 0.046 0.026 0.02 0.113 0.122 0.044 0.031 0.099 0.086 0.009 0 0 0 0 0 0 0
FFDO_S4 0 0 0 0 0 0 0 0.011 0.102 0.017 0.12 0.119 0.057 0.094 0.025 0.02 0.014 0.027 0.152 0.108 0.073 0.061 0 0 0 0 0 0 0 0
FFDF_S4 0 0.004 0.035 0.013 0.093 0.204 0.116 0.108 0.033 0.036 0.11 0.066 0.029 0.002 0.003 0.004 0 0 0.011 0.097 0.001 0 0.035 0 0 0 0 0 0 0
FFDE_S4 0 0.019 0.038 0.026 0.058 0.084 0.141 0.113 0.01 0.007 0.026 0.038 0.04 0.003 0.198 0.119 0.012 0.009 0.011 0.013 0.009 0.01 0.016 0 0 0 0 0 0 0
FFDS_S4 0 0.003 0.004 0 0.014 0.02 0.01 0.016 0.138 0.01 0.071 0.068 0.11 0.082 0.075 0.052 0.054 0.023 0.068 0.067 0.06 0.048 0.007 0 0 0 0 0 0 0
FFDB_S4 0 0.009 0.023 0.032 0.05 0.036 0.102 0.045 0.014 0.04 0.007 0.085 0.077 0.037 0.073 0.04 0.062 0.04 0.01 0.017 0.094 0.085 0.022 0 0 0 0 0 0 0
FFMM_S4 0 0 0 0.188 0 0.107 0.12 0 0 0.2 0 0.1 0.035 0 0.2 0 0 0 0 0 0.05 0 0 0 0 0 0 0 0 0
FFMN_S4 1 0 0 0 0 0 0 0 0 0 0 0 0 0 0 0 0 0 0 0 0 0 0 0 0 0 0 0 0 0
FFPL_S4 0 0.039 0.067 0.105 0.284 0.07 0.268 0.029 0.004 0.036 0.012 0.005 0.025 0 0.028 0.001 0.003 0.002 0.001 0.021 0 0 0 0 0 0 0 0 0 0
FFPS_S4 0 0.036 0.03 0.004 0.05 0.044 0.149 0.028 0.081 0.033 0.011 0.091 0.29 0.006 0.004 0.009 0.011 0.008 0.026 0.039 0.02 0.004 0.026 0 0 0 0 0 0 0
FFVD_S4 0 0 0 0.003 0.002 0.004 0.007 0.008 0.018 0.009 0.001 0.032 0.08 0.037 0.149 0.072 0.166 0.172 0.019 0.005 0.113 0.103 0 0 0 0 0 0 0 0
FFVS_S4 0 0.22967033 0.178021978 0.096703297 0.118681319 0.104395604 0.08021978 0.069230769 0.010989011 0 0.112087912 0 0 0 0 0 0 0 0 0 0 0 0 0 0 0 0 0 0 0
FFVB_S4 0 0.026 0.019 0.01 0.038 0.084 0.054 0.064 0.064 0.039 0.064 0.047 0.068 0.003 0.066 0.066 0.045 0.033 0.028 0.048 0.039 0.027 0.068 0 0 0 0 0 0 0
FFVT_S4 0 0 0 0.101 0.003 0.105 0.2 0.01 0.05 0.2 0.001 0 0 0 0.17 0.16 0 0 0 0 0 0 0 0 0 0 0 0 0 0
FFVO_S4 1 0 0 0 0 0 0 0 0 0 0 0 0 0 0 0 0 0 0 0 0 0 0 0 0 0 0 0 0 0
FPIN_S4 0 0 0 0 0 0 0 0.061 0.05 0.01 0.3 0.02 0.104 0.001 0 0 0.15 0.15 0.154 0 0 0 0 0 0 0 0 0 0 0
FSB_S4 0 0.022244346 0.022244346 0.022244346 0.022244346 0.038609657 0.038609657 0.038609657 0.087055209 0.087055209 0.087055209 0.087055209 0.035700882 0.035700882 0.035700882 0.035700882 0.035700882 0.035700882 0.035700882 0.087055209 0.035700882 0.035700882 0.038609657 0 0 0 0 0 0 0
FSP_S4 1 0 0 0 0 0 0 0 0 0 0 0 0 0 0 0 0 0 0 0 0 0 0 0 0 0 0 0 0 0
FSHD_S4 0 0.347837108 0.143274522 0.017269786 0.051429143 0.072794584 0.026261548 0.006070106 0.186785845 0 0.000733749 0.000580329 0 0 0 0 0.000340193 0 0 0 0 0 0.146623086 0 0 0 0 0 0 0
FSHB_S4 0 0.039 0.067 0.105 0.284 0.07 0.268 0.029 0.004 0.036 0.012 0.005 0.025 0 0.028 0.001 0.003 0.002 0.001 0.021 0 0 0 0 0 0 0 0 0 0
FSHP_S4 0 0.039 0.067 0.105 0.284 0.07 0.268 0.029 0.004 0.036 0.012 0.005 0.025 0 0.028 0.001 0.003 0.002 0.001 0.021 0 0 0 0 0 0 0 0 0 0
FSHR_S4 1 0 0 0 0 0 0 0 0 0 0 0 0 0 0 0 0 0 0 0 0 0 0 0 0 0 0 0 0 0
FSSK_S4 0 0.048985472 0.047468381 0.007657855 0.020290569 0.112117419 0.038554744 0.055190315 0.118824076 0.017569293 0.105986642 0.084766511 0.021438998 0.022689786 0.018632005 0.013693762 0.042458569 0.023353877 0.01779565 0.063673706 0.041407507 0.033355192 0.044089671 0 0 0 0 0 0 0
FREP_S4 0 0.299 0.162 0.088 0.108 0.095 0.073 0.063 0.01 0 0.102 0 0 0 0 0 0 0 0 0 0 0 0 0 0 0 0 0 0 0
FWHB_S4 0 0.008272292 0.008272292 0.008272292 0.008272292 0.008272292 0.026290324 0.026290324 0.029328667 0.026290324 0.081458248 0.081458248 0.029328667 0.029328667 0.029328667 0.029328667 0.081458248 0.081458248 0.081458248 0.081458248 0.081458248 0.081458248 0.081458248 0 0 0 0 0 0 0
FWHT_S4 0 0.023012565 0.023012565 0.023012565 0.023012565 0.042675287 0.042675287 0.042675287 0.089909565 0.089909565 0.089909565 0.089909565 0.034151499 0.034151499 0.034151499 0.034151499 0.034151499 0.034151499 0.034151499 0.089909565 0.034151499 0.034151499 0.023012565 0 0 0 0 0 0 0
FWDG_S4 1 0 0 0 0 0 0 0 0 0 0 0 0 0 0 0 0 0 0 0 0 0 0 0 0 0 0 0 0 0
FCEP_S4 0 0.083 0.083 0.083 0.083 0.083 0.095 0.083 0.083 0.11 0.03 0.03 0.03 0.03 0.03 0.008 0.008 0.008 0.008 0.008 0.008 0.008 0.008 0 0 0 0 0 0 0
FPWN_S4 0 0.000300752 0.000451128 0.000902256 0 0.001052632 0.000451128 0.000451128 0.003759398 0.000902256 0.202255638 0.071578947 0.012330827 0.000451128 0.001203008 0.00075188 0.514887216 0.048571429 0.076691729 0.028721805 0.022857143 0.005714286 0.005714286 0 0 0 0 0 0 0
FBML_S4 0 0.003532725 0.005330915 0.093108003 0.028866504 0.033926895 0.06164765 0.054629939 0.053643322 0.086010725 0.035088557 0.015403956 0.037905189 0.069636066 0.100030235 0.058831018 0.012332713 0.046609697 0.058353623 0.014114989 0.041008259 0.066262472 0.023726548 0 0 0 0 0 0 0
FZL_S4 0 0.017708573 0.008563385 0.002429529 0.337320618 0.002945916 0.062994256 0.20509797 0.078005937 0.08118792 0.002697217 0.001093869 0.036952012 0.083056394 0.029239091 0.039889565 0.001301634 0.002478152 0.00234866 0.001019696 0.000882096 0.001089601 0.00169791 0 0 0 0 0 0 0
FFPO_S4 1 0 0 0 0 0 0 0 0 0 0 0 0 0 0 0 0 0 0 0 0 0 0 0 0 0 0 0 0 0
FFVV_S4 1 0 0 0 0 0 0 0 0 0 0 0 0 0 0 0 0 0 0 0 0 0 0 0 0 0 0 0 0 0
FFDM_S4 1 0 0 0 0 0 0 0 0 0 0 0 0 0 0 0 0 0 0 0 0 0 0 0 0 0 0 0 0 0
FFDP_S4 1 0 0 0 0 0 0 0 0 0 0 0 0 0 0 0 0 0 0 0 0 0 0 0 0 0 0 0 0 0
FSHC_S4 1 0 0 0 0 0 0 0 0 0 0 0 0 0 0 0 0 0 0 0 0 0 0 0 0 0 0 0 0 0
FWHS_S4 1 0 0 0 0 0 0 0 0 0 0 0 0 0 0 0 0 0 0 0 0 0 0 0 0 0 0 0 0 0
FFBP_S4juv 0 0.139 0.071 0.226 0.087 0.069 0.093 0.107 0.08 0.021 0.01 0.008 0.026 0 0 0.001 0.001 0 0.001 0.011 0 0 0.049 0 0 0 0 0 0 0
FFDD_S4juv 0 0.014 0.026 0.05 0.048 0.054 0.082 0.041 0.051 0.019 0.014 0.042 0.077 0.05 0.052 0.068 0.068 0.041 0.022 0.018 0.087 0.045 0.031 0 0 0 0 0 0 0
FFDC_S4juv 0 0.047 0.03 0.05 0.01 0.052 0.025 0.025 0.03 0.015 0.017 0.039 0.064 0.046 0.026 0.02 0.113 0.122 0.044 0.031 0.099 0.086 0.009 0 0 0 0 0 0 0
FFDO_S4juv 0 0 0 0 0 0 0 0.011 0.102 0.017 0.12 0.119 0.057 0.094 0.025 0.02 0.014 0.027 0.152 0.108 0.073 0.061 0 0 0 0 0 0 0 0
FFDF_S4juv 0 0.004 0.035 0.013 0.093 0.204 0.116 0.108 0.033 0.036 0.11 0.066 0.029 0.002 0.003 0.004 0 0 0.011 0.097 0.001 0 0.035 0 0 0 0 0 0 0
FFDE_S4juv 0 0.019 0.038 0.026 0.058 0.084 0.141 0.113 0.01 0.007 0.026 0.038 0.04 0.003 0.198 0.119 0.012 0.009 0.011 0.013 0.009 0.01 0.016 0 0 0 0 0 0 0
FFDS_S4juv 0 0.003 0.004 0 0.014 0.02 0.01 0.016 0.138 0.01 0.071 0.068 0.11 0.082 0.075 0.052 0.054 0.023 0.068 0.067 0.06 0.048 0.007 0 0 0 0 0 0 0
FFDB_S4juv 0 0.009 0.023 0.032 0.05 0.036 0.102 0.045 0.014 0.04 0.007 0.085 0.077 0.037 0.073 0.04 0.062 0.04 0.01 0.017 0.094 0.085 0.022 0 0 0 0 0 0 0
FFMM_S4juv 0 0 0 0.188 0 0.107 0.12 0 0 0.2 0 0.1 0.035 0 0.2 0 0 0 0 0 0.05 0 0 0 0 0 0 0 0 0
FFMN_S4juv 1 0 0 0 0 0 0 0 0 0 0 0 0 0 0 0 0 0 0 0 0 0 0 0 0 0 0 0 0 0
FFPL_S4juv 0 0.039 0.067 0.105 0.284 0.07 0.268 0.029 0.004 0.036 0.012 0.005 0.025 0 0.028 0.001 0.003 0.002 0.001 0.021 0 0 0 0 0 0 0 0 0 0
FFPS_S4juv 0 0.036 0.03 0.004 0.05 0.044 0.149 0.028 0.081 0.033 0.011 0.091 0.29 0.006 0.004 0.009 0.011 0.008 0.026 0.039 0.02 0.004 0.026 0 0 0 0 0 0 0
FFVD_S4juv 0 0 0 0.001002004 0.002004008 0.004008016 0.007014028 0.008016032 0.018036072 0.009018036 0.001002004 0.032064128 0.080160321 0.037074148 0.149298597 0.072144289 0.166332665 0.172344689 0.019038076 0.00501002 0.113226453 0.103206413 0 0 0 0 0 0 0 0
FFVS_S4juv 0 0.299 0.162 0.088 0.108 0.095 0.073 0.063 0.01 0 0.102 0 0 0 0 0 0 0 0 0 0 0 0 0 0 0 0 0 0 0
FFVB_S4juv 0 0.026 0.019 0.01 0.038 0.084 0.054 0.064 0.064 0.039 0.064 0.047 0.068 0.003 0.066 0.066 0.045 0.033 0.028 0.048 0.039 0.027 0.068 0 0 0 0 0 0 0
FFVT_S4juv 0 0 0 0.101 0.003 0.105 0.2 0.01 0.05 0.2 0.001 0 0 0 0.17 0.16 0 0 0 0 0 0 0 0 0 0 0 0 0 0
FFVO_S4juv 1 0 0 0 0 0 0 0 0 0 0 0 0 0 0 0 0 0 0 0 0 0 0 0 0 0 0 0 0 0
FPIN_S4juv 0 0 0 0 0 0 0 0.061 0.05 0.01 0.3 0.02 0.104 0.001 0 0 0.15 0.15 0.154 0 0 0 0 0 0 0 0 0 0 0
FSB_S4juv 0 0.022244346 0.022244346 0.022244346 0.022244346 0.038609657 0.038609657 0.038609657 0.087055209 0.087055209 0.087055209 0.087055209 0.035700882 0.035700882 0.035700882 0.035700882 0.035700882 0.035700882 0.035700882 0.087055209 0.035700882 0.035700882 0.038609657 0 0 0 0 0 0 0
FSP_S4juv 1 0 0 0 0 0 0 0 0 0 0 0 0 0 0 0 0 0 0 0 0 0 0 0 0 0 0 0 0 0
FSHD_S4juv 0 0.347837108 0.143274522 0.017269786 0.051429143 0.072794584 0.026261548 0.006070106 0.186785845 0 0.000733749 0.000580329 0 0 0 0 0.000340193 0 0 0 0 0 0.146623086 0 0 0 0 0 0 0
FSHB_S4juv 0 0.039 0.067 0.105 0.284 0.07 0.268 0.029 0.004 0.036 0.012 0.005 0.025 0 0.028 0.001 0.003 0.002 0.001 0.021 0 0 0 0 0 0 0 0 0 0
FSHP_S4juv 0 0.039 0.067 0.105 0.284 0.07 0.268 0.029 0.004 0.036 0.012 0.005 0.025 0 0.028 0.001 0.003 0.002 0.001 0.021 0 0 0 0 0 0 0 0 0 0
FSHR_S4juv 1 0 0 0 0 0 0 0 0 0 0 0 0 0 0 0 0 0 0 0 0 0 0 0 0 0 0 0 0 0
FSSK_S4juv 0 0.048985472 0.047468381 0.007657855 0.020290569 0.112117419 0.038554744 0.055190315 0.118824076 0.017569293 0.105986642 0.084766511 0.021438998 0.022689786 0.018632005 0.013693762 0.042458569 0.023353877 0.01779565 0.063673706 0.041407507 0.033355192 0.044089671 0 0 0 0 0 0 0
FREP_S4juv 0 0.299 0.162 0.088 0.108 0.095 0.073 0.063 0.01 0 0.102 0 0 0 0 0 0 0 0 0 0 0 0 0 0 0 0 0 0 0
FWHB_S4juv 0 0.008272292 0.008272292 0.008272292 0.008272292 0.008272292 0.026290324 0.026290324 0.029328667 0.026290324 0.081458248 0.081458248 0.029328667 0.029328667 0.029328667 0.029328667 0.081458248 0.081458248 0.081458248 0.081458248 0.081458248 0.081458248 0.081458248 0 0 0 0 0 0 0
FWHT_S4juv 0 0.023012565 0.023012565 0.023012565 0.023012565 0.042675287 0.042675287 0.042675287 0.089909565 0.089909565 0.089909565 0.089909565 0.034151499 0.034151499 0.034151499 0.034151499 0.034151499 0.034151499 0.034151499 0.089909565 0.034151499 0.034151499 0.023012565 0 0 0 0 0 0 0
FWDG_S4juv 1 0 0 0 0 0 0 0 0 0 0 0 0 0 0 0 0 0 0 0 0 0 0 0 0 0 0 0 0 0
FFPO_S4juv 1 0 0 0 0 0 0 0 0 0 0 0 0 0 0 0 0 0 0 0 0 0 0 0 0 0 0 0 0 0
FFVV_S4juv 1 0 0 0 0 0 0 0 0 0 0 0 0 0 0 0 0 0 0 0 0 0 0 0 0 0 0 0 0 0
FFDM_S4juv 1 0 0 0 0 0 0 0 0 0 0 0 0 0 0 0 0 0 0 0 0 0 0 0 0 0 0 0 0 0
FFDP_S4juv 1 0 0 0 0 0 0 0 0 0 0 0 0 0 0 0 0 0 0 0 0 0 0 0 0 0 0 0 0 0
FSHC_S4juv 1 0 0 0 0 0 0 0 0 0 0 0 0 0 0 0 0 0 0 0 0 0 0 0 0 0 0 0 0 0
FWHS_S4juv 1 0 0 0 0 0 0 0 0 0 0 0 0 0 0 0 0 0 0 0 0 0 0 0 0 0 0 0 0 0
